<?xml version="1.0" encoding="UTF-8"?>
<testsuite xmlns:xsi="http://www.w3.org/2001/XMLSchema-instance" xsi:noNamespaceSchemaLocation="https://maven.apache.org/surefire/maven-surefire-plugin/xsd/surefire-test-report.xsd" version="3.0.2" name="io.storedmapper.ExecuteResultTest" time="0.027" tests="10" errors="0" skipped="0" failures="0">
  <properties>
[...]
</properties>
  <testcase name="hasError_shouldReturnTrueWhenReturnCodeIsNonZero" classname="io.storedmapper.ExecuteResultTest" time="0.011"/>
  <testcase name="isNotFoundError_shouldReturnFalseWhenNotConfigured" classname="io.storedmapper.ExecuteResultTest" time="0.001"/>
  <testcase name="isExclusiveLockError_shouldMatchConfiguredErrorCode" classname="io.storedmapper.ExecuteResultTest" time="0.0"/>
  <testcase name="isOptimisticLockError_shouldMatchConfiguredErrorCode" classname="io.storedmapper.ExecuteResultTest" time="0.0"/>
  <testcase name="isSuccess_shouldReturnTrueWhenReturnCodeMatchesSuccessCode" classname="io.storedmapper.ExecuteResultTest" time="0.0"/>
  <testcase name="errorChecks_shouldReturnFalseWhenReturnCodeIsNull" classname="io.storedmapper.ExecuteResultTest" time="0.0"/>
  <testcase name="isSuccess_shouldReturnTrueWhenReturnCodeIsNull" classname="io.storedmapper.ExecuteResultTest" time="0.0"/>
  <testcase name="isNotFoundError_shouldMatchConfiguredErrorCode" classname="io.storedmapper.ExecuteResultTest" time="0.001"/>
  <testcase name="isDuplicateError_shouldMatchConfiguredErrorCode" classname="io.storedmapper.ExecuteResultTest" time="0.0"/>
  <testcase name="isSuccess_withCustomSuccessCode" classname="io.storedmapper.ExecuteResultTest" time="0.001"/>
</testsuite>